<?xml version="1.0" encoding="UTF-8" ?>
<testsuite errors="0" failures="1" hostname="041-PC" name="twitter.staff.SocialNetworkTestRunner" skipped="0" tests="1" time="0.093" timestamp="2017-09-06T14:40:00">
  <properties>
[...]
</properties>
  <testcase classname="twitter.staff.SocialNetworkTestRunner" name="yourTests_staffBadImpl_SocialNetwork_alwaysReturnsEmpty" time="0.021">
    <failure message="None of your tests failed when run against our broken implementation: 3 tests ran with 0 failures in 2 ms." type="junit.framework.AssertionFailedError">junit.framework.AssertionFailedError: None of your tests failed when run against our broken implementation: 3 tests ran with 0 failures in 2 ms.
	at twitter.staff.TestHelpers.assertFailure(TestHelpers.java:59)
	at twitter.staff.SocialNetworkTestRunner.yourTests_staffBadImpl_SocialNetwork_alwaysReturnsEmpty(SocialNetworkTestRunner.java:23)
</failure>
  </testcase>
  <system-out><![CDATA[]]></system-out>
  <system-err><![CDATA[]]></system-err>
</testsuite>
